2025-09-11 03:37:55 - Booking submission started
POST data: Array
(
    [action] => submit_user_booking
    [nonce] => ad05313fed
    [service_id] => 85
    [customer_name] => marlon
    [customer_email] => marlon@marlon.com
    [customer_phone] => +633124324324
    [preferred_date] => 2025-09-12
    [preferred_time] => 14:40
    [message] => 
    [payment_method] => cash
)

Headers: Array
(
    [Host] => localhost
    [Connection] => keep-alive
    [Content-Length] => 1111
    [sec-ch-ua-platform] => "Windows"
    [User-Agent] => Mozilla/5.0 (Windows NT 10.0; Win64; x64) AppleWebKit/537.36 (KHTML, like Gecko) Chrome/140.0.0.0 Safari/537.36 Edg/140.0.0.0
    [sec-ch-ua] => "Chromium";v="140", "Not=A?Brand";v="24", "Microsoft Edge";v="140"
    [Content-Type] => multipart/form-data; boundary=----WebKitFormBoundaryqIBPcWrFkxJYs9yp
    [sec-ch-ua-mobile] => ?0
    [Accept] => */*
    [Origin] => http://localhost
    [Sec-Fetch-Site] => same-origin
    [Sec-Fetch-Mode] => cors
    [Sec-Fetch-Dest] => empty
    [Referer] => http://localhost/payndle/wordpress/user-view/
    [Accept-Encoding] => gzip, deflate, br, zstd
    [Accept-Language] => en-US,en;q=0.9
    [Cookie] => wordpress_0025c62f7ce73f9d31d7711d495b3241=payndle%7C1757647112%7Ck2zv6lMyAvYn7F6JxKRw72ZvR9MyBA01YeXSnVrYZBz%7C2e9bc41df471bf4b357f81a2cf794f81025c76063378d2b7a82b36f4b6aac565; wordpress_test_cookie=WP%20Cookie%20check; wp_lang=en_US; _lscache_vary=576d7645a4ee5e127127ce3a7bf23fad; wordpress_logged_in_0025c62f7ce73f9d31d7711d495b3241=payndle%7C1757647112%7Ck2zv6lMyAvYn7F6JxKRw72ZvR9MyBA01YeXSnVrYZBz%7C8101e1cffc6d208e2652edc270499373365b138bdb83b134355e9f4344c63a2b; wp-settings-1=posts_list_mode%3Dlist; wp-settings-time-1=1757474505
)


2025-09-11 03:37:55 - Booking table columns: id, service_id, customer_name, customer_email, customer_phone, preferred_date, preferred_time, message, booking_status, created_at, updated_at, staff_id, payment_status, total_amount, notes
2025-09-11 03:37:55 - Sanitized data: service_id=85, staff_id=, customer_name=marlon, customer_email=marlon@marlon.com
2025-09-11 03:37:55 - Found CPT service: Foot Massage
2025-09-11 03:37:55 - Attempting to insert data: Array
(
    [service_id] => 85
    [staff_id] => 
    [customer_name] => marlon
    [customer_email] => marlon@marlon.com
    [customer_phone] => +633124324324
    [preferred_date] => 2025-09-12
    [preferred_time] => 14:40
    [message] => 
    [payment_method] => cash
    [payment_status] => pending
    [booking_status] => pending
    [total_amount] => 0
    [created_at] => 2025-09-11 03:37:55
)

Existing columns: id, service_id, customer_name, customer_email, customer_phone, preferred_date, preferred_time, message, booking_status, created_at, updated_at, staff_id, payment_status, total_amount, notes
2025-09-11 03:37:55 - Successfully created booking post with ID: 88
Meta saved: Array
(
    [service_id] => 85
    [staff_id] => 
    [customer_name] => marlon
    [customer_email] => marlon@marlon.com
    [customer_phone] => +633124324324
    [preferred_date] => 2025-09-12
    [preferred_time] => 14:40
    [message] => 
    [payment_method] => cash
    [payment_status] => pending
    [booking_status] => pending
    [total_amount] => 0
    [created_at] => 2025-09-11 03:37:55
)

